0 info it worked if it ends with ok
1 verbose cli [ '/usr/local/bin/node', '/usr/local/bin/npm', 'run', 'deploy' ]
2 info using npm@3.10.9
3 info using node@v7.0.0
4 verbose run-script [ 'predeploy', 'deploy', 'postdeploy' ]
5 info lifecycle seo-sandbox@0.1.0~predeploy: seo-sandbox@0.1.0
6 silly lifecycle seo-sandbox@0.1.0~predeploy: no script for predeploy, continuing
7 info lifecycle seo-sandbox@0.1.0~deploy: seo-sandbox@0.1.0
8 verbose lifecycle seo-sandbox@0.1.0~deploy: unsafe-perm in lifecycle true
9 verbose lifecycle seo-sandbox@0.1.0~deploy: PATH: /usr/local/lib/node_modules/npm/bin/node-gyp-bin:/home/ngmanh/Sandbox/seo-sandbox/node_modules/.bin:/home/ngmanh/.rbenv/plugins/ruby-build/bin:/home/ngmanh/.rbenv/shims:/home/ngmanh/.rbenv/bin:/usr/local/sbin:/usr/local/bin:/usr/sbin:/usr/bin:/sbin:/bin:/usr/games:/usr/local/games:/snap/bin:usr/local/android-sdk-linux//tools
10 verbose lifecycle seo-sandbox@0.1.0~deploy: CWD: /home/ngmanh/Sandbox/seo-sandbox
11 silly lifecycle seo-sandbox@0.1.0~deploy: Args: [ '-c', 'gh-pages -d buid' ]
12 silly lifecycle seo-sandbox@0.1.0~deploy: Returned: code: 1  signal: null
13 info lifecycle seo-sandbox@0.1.0~deploy: Failed to exec deploy script
14 verbose stack Error: seo-sandbox@0.1.0 deploy: `gh-pages -d buid`
14 verbose stack Exit status 1
14 verbose stack     at EventEmitter.<anonymous> (/usr/local/lib/node_modules/npm/lib/utils/lifecycle.js:255:16)
14 verbose stack     at emitTwo (events.js:106:13)
14 verbose stack     at EventEmitter.emit (events.js:191:7)
14 verbose stack     at ChildProcess.<anonymous> (/usr/local/lib/node_modules/npm/lib/utils/spawn.js:40:14)
14 verbose stack     at emitTwo (events.js:106:13)
14 verbose stack     at ChildProcess.emit (events.js:191:7)
14 verbose stack     at maybeClose (internal/child_process.js:877:16)
14 verbose stack     at Process.ChildProcess._handle.onexit (internal/child_process.js:226:5)
15 verbose pkgid seo-sandbox@0.1.0
16 verbose cwd /home/ngmanh/Sandbox/seo-sandbox/build
17 error Linux 4.4.0-47-generic
18 error argv "/usr/local/bin/node" "/usr/local/bin/npm" "run" "deploy"
19 error node v7.0.0
20 error npm  v3.10.9
21 error code ELIFECYCLE
22 error seo-sandbox@0.1.0 deploy: `gh-pages -d buid`
22 error Exit status 1
23 error Failed at the seo-sandbox@0.1.0 deploy script 'gh-pages -d buid'.
23 error Make sure you have the latest version of node.js and npm installed.
23 error If you do, this is most likely a problem with the seo-sandbox package,
23 error not with npm itself.
23 error Tell the author that this fails on your system:
23 error     gh-pages -d buid
23 error You can get information on how to open an issue for this project with:
23 error     npm bugs seo-sandbox
23 error Or if that isn't available, you can get their info via:
23 error     npm owner ls seo-sandbox
23 error There is likely additional logging output above.
24 verbose exit [ 1, true ]
